<?xml version="1.0" encoding="UTF-8"?>
<testng-results skipped="0" failed="0" ignored="0" total="4" passed="4">
  <reporter-output>
  </reporter-output>
  <suite name="Default suite" duration-ms="11380" started-at="2019-10-29T15:51:19Z" finished-at="2019-10-29T15:51:31Z">
    <groups>
    </groups>
    <test name="Default test" duration-ms="11380" started-at="2019-10-29T15:51:19Z" finished-at="2019-10-29T15:51:31Z">
      <class name="lidai.sh.d.Xbtest">
        <test-method status="PASS" signature="login()[pri:0, instance:lidai.sh.d.Xbtest@2a2d45ba]" name="login" is-config="true" duration-ms="11279" started-at="2019-10-29T15:51:19Z" finished-at="2019-10-29T15:51:31Z">
          <reporter-output>
          </reporter-output>
        </test-method> <!-- login -->
        <test-method status="PASS" signature="xb()[pri:0, instance:lidai.sh.d.Xbtest@2a2d45ba]" name="xb" duration-ms="80" started-at="2019-10-29T15:51:31Z" finished-at="2019-10-29T15:51:31Z">
          <reporter-output>
          </reporter-output>
        </test-method> <!-- xb -->
        <test-method status="PASS" signature="A()[pri:1, instance:lidai.sh.d.Xbtest@2a2d45ba]" name="A" duration-ms="2" started-at="2019-10-29T15:51:31Z" finished-at="2019-10-29T15:51:31Z">
          <reporter-output>
          </reporter-output>
        </test-method> <!-- A -->
        <test-method status="PASS" signature="B()[pri:2, instance:lidai.sh.d.Xbtest@2a2d45ba]" name="B" duration-ms="1" started-at="2019-10-29T15:51:31Z" finished-at="2019-10-29T15:51:31Z">
          <reporter-output>
          </reporter-output>
        </test-method> <!-- B -->
        <test-method status="PASS" signature="C()[pri:3, instance:lidai.sh.d.Xbtest@2a2d45ba]" name="C" duration-ms="1" started-at="2019-10-29T15:51:31Z" finished-at="2019-10-29T15:51:31Z">
          <reporter-output>
          </reporter-output>
        </test-method> <!-- C -->
      </class> <!-- lidai.sh.d.Xbtest -->
    </test> <!-- Default test -->
  </suite> <!-- Default suite -->
</testng-results>
